<?xml version="1.0" encoding="UTF-8"?>
<!-- Generated by org.testng.reporters.JUnitReportReporter -->
<testsuite hostname="CPX-T4KGSA7XYC5" failures="0" tests="1" name="Principal.test1" time="14.131" errors="0" timestamp="07 mai 2018 17:00:17 GMT" skipped="0">
  <testcase classname="Principal.test1" name="f" time="14.131"/>
</testsuite> <!-- Principal.test1 -->
