<?xml version="1.0" encoding="UTF-8"?>
<!-- Generated by org.testng.reporters.JUnitReportReporter -->
<testsuite hostname="CPX-T4KGSA7XYC5" failures="0" tests="1" name="Principal.JenkinsJobs" time="0.022" errors="0" timestamp="07 mai 2018 19:14:16 GMT" skipped="0">
  <testcase classname="Principal.JenkinsJobs" name="testJenkins" time="0.022"/>
</testsuite> <!-- Principal.JenkinsJobs -->
